[INFO][server.go:35] 2023/03/27 03:07:32 start listening...
[INFO][server.go:67] 2023/03/27 03:07:43 accept a new connection
[INFO][server.go:47] 2023/03/27 03:09:10 shutting down...
[INFO][echo.go:76] 2023/03/27 03:09:10 handler shutting down...
[WARN][echo.go:63] 2023/03/27 03:09:10 read from client failed: %s read tcp 127.0.0.1:6380->127.0.0.1:59433: use of closed network connection
[INFO][echo.go:76] 2023/03/27 03:09:10 handler shutting down...
[INFO][server.go:35] 2023/03/27 03:09:15 start listening...
[INFO][server.go:67] 2023/03/27 03:09:22 accept a new connection
[INFO][server.go:47] 2023/03/27 03:11:22 shutting down...
[INFO][echo.go:76] 2023/03/27 03:11:22 handler shutting down...
[WARN][echo.go:63] 2023/03/27 03:11:22 read from client failed: %s read tcp 127.0.0.1:6380->127.0.0.1:59467: use of closed network connection
[INFO][echo.go:76] 2023/03/27 03:11:22 handler shutting down...
[INFO][server.go:35] 2023/03/27 03:11:36 start listening...
[INFO][server.go:67] 2023/03/27 03:11:45 accept a new connection
[INFO][server.go:47] 2023/03/27 03:12:14 shutting down...
[INFO][echo.go:76] 2023/03/27 03:12:14 handler shutting down...
[WARN][echo.go:63] 2023/03/27 03:12:14 read from client failed: %s read tcp 127.0.0.1:6380->127.0.0.1:59517: use of closed network connection
[INFO][echo.go:76] 2023/03/27 03:12:14 handler shutting down...
[INFO][server.go:35] 2023/03/27 03:12:15 start listening...
[INFO][server.go:47] 2023/03/27 03:12:33 shutting down...
[INFO][echo.go:76] 2023/03/27 03:12:33 handler shutting down...
[INFO][server.go:35] 2023/03/27 03:12:34 start listening...
[INFO][server.go:67] 2023/03/27 03:12:45 accept a new connection
[INFO][server.go:47] 2023/03/27 03:13:51 shutting down...
[INFO][echo.go:76] 2023/03/27 03:13:51 handler shutting down...
[WARN][echo.go:63] 2023/03/27 03:13:51 read from client failed: %s read tcp 127.0.0.1:6380->127.0.0.1:59544: use of closed network connection
[INFO][echo.go:76] 2023/03/27 03:13:51 handler shutting down...
[INFO][server.go:35] 2023/03/27 03:18:33 start listening...
[INFO][server.go:67] 2023/03/27 03:18:37 accept a new connection
[INFO][echo.go:61] 2023/03/27 03:18:37 client closed connection
[INFO][server.go:67] 2023/03/27 03:20:01 accept a new connection
[INFO][echo.go:61] 2023/03/27 03:20:01 client closed connection
[INFO][server.go:47] 2023/03/27 03:21:17 shutting down...
[INFO][echo.go:76] 2023/03/27 03:21:17 handler shutting down...
[INFO][echo.go:76] 2023/03/27 03:21:17 handler shutting down...
[INFO][server.go:35] 2023/03/27 03:23:36 start listening...
[INFO][server.go:67] 2023/03/27 03:23:47 accept a new connection
[INFO][echo.go:61] 2023/03/27 03:23:47 client closed connection
[INFO][server.go:47] 2023/03/27 03:24:28 shutting down...
[INFO][echo.go:76] 2023/03/27 03:24:28 handler shutting down...
[INFO][echo.go:76] 2023/03/27 03:24:28 handler shutting down...
[INFO][server.go:35] 2023/03/27 03:24:28 start listening...
[INFO][server.go:67] 2023/03/27 03:24:33 accept a new connection
[INFO][echo.go:61] 2023/03/27 03:24:33 client closed connection
[INFO][server.go:47] 2023/03/27 03:24:59 shutting down...
[INFO][echo.go:76] 2023/03/27 03:24:59 handler shutting down...
[INFO][server.go:35] 2023/03/27 03:24:59 start listening...
[INFO][server.go:67] 2023/03/27 03:25:05 accept a new connection
[INFO][echo.go:61] 2023/03/27 03:25:06 client closed connection
[INFO][server.go:67] 2023/03/27 03:25:34 accept a new connection
[INFO][echo.go:61] 2023/03/27 03:25:34 client closed connection
[INFO][server.go:47] 2023/03/27 03:27:10 shutting down...
[INFO][echo.go:76] 2023/03/27 03:27:10 handler shutting down...
[INFO][server.go:35] 2023/03/27 03:27:11 start listening...
[INFO][server.go:47] 2023/03/27 03:28:25 shutting down...
[INFO][echo.go:76] 2023/03/27 03:28:25 handler shutting down...
[INFO][server.go:35] 2023/03/27 03:28:25 start listening...
[INFO][server.go:67] 2023/03/27 03:28:28 accept a new connection
[INFO][echo_database.go:23] 2023/03/27 03:28:29 EchoDatabase AfterClientClose
[INFO][handler.go:61] 2023/03/27 03:28:29 connection closed: 127.0.0.1:60042
[INFO][server.go:67] 2023/03/27 03:28:58 accept a new connection
[INFO][echo_database.go:23] 2023/03/27 03:30:02 EchoDatabase AfterClientClose
[INFO][handler.go:69] 2023/03/27 03:30:02 connection closed: 127.0.0.1:60054
